0 info it worked if it ends with ok
1 verbose cli [ '/Users/cody.poll/.nvm/versions/node/v5.1.0/bin/node',
1 verbose cli   '/Users/cody.poll/.nvm/versions/node/v5.1.0/bin/npm',
1 verbose cli   'install' ]
2 info using npm@3.3.12
3 info using node@v5.1.0
4 silly loadCurrentTree Starting
5 silly install loadCurrentTree
6 silly install readLocalPackageData
7 silly install normalizeTree
8 silly loadCurrentTree Finishing
9 silly loadIdealTree Starting
10 silly install loadIdealTree
11 silly cloneCurrentTree Starting
12 silly install cloneCurrentTreeToIdealTree
13 silly cloneCurrentTree Finishing
14 silly loadShrinkwrap Starting
15 silly install loadShrinkwrap
16 silly loadShrinkwrap Finishing
17 silly loadAllDepsIntoIdealTree Starting
18 silly install loadAllDepsIntoIdealTree
19 silly loadAllDepsIntoIdealTree Finishing
20 silly idealTree:prePrune cjpoll@1.0.0
20 silly idealTree:prePrune ├── align-text@0.1.3
20 silly idealTree:prePrune ├── amdefine@1.0.0
20 silly idealTree:prePrune ├── ansi-green@0.1.1
20 silly idealTree:prePrune ├── ansi-regex@2.0.0
20 silly idealTree:prePrune ├── ansi-styles@2.1.0
20 silly idealTree:prePrune ├── ansi-wrap@0.1.0
20 silly idealTree:prePrune ├── anymatch@1.3.0
20 silly idealTree:prePrune ├── arr-diff@2.0.0
20 silly idealTree:prePrune ├── arr-flatten@1.0.1
20 silly idealTree:prePrune ├── array-unique@0.2.1
20 silly idealTree:prePrune ├── arrify@1.0.1
20 silly idealTree:prePrune ├── asap@2.0.3
20 silly idealTree:prePrune ├── assert@1.3.0
20 silly idealTree:prePrune ├── ast-types@0.8.15
20 silly idealTree:prePrune ├── async-each@0.1.6
20 silly idealTree:prePrune ├── async@1.5.2
20 silly idealTree:prePrune ├── babel-code-frame@6.3.13
20 silly idealTree:prePrune ├── babel-core@6.4.0
20 silly idealTree:prePrune ├── babel-generator@6.4.2
20 silly idealTree:prePrune ├── babel-helper-builder-react-jsx@6.3.13
20 silly idealTree:prePrune ├── babel-helper-call-delegate@6.3.13
20 silly idealTree:prePrune ├── babel-helper-define-map@6.3.13
20 silly idealTree:prePrune ├── babel-helper-function-name@6.4.0
20 silly idealTree:prePrune ├── babel-helper-get-function-arity@6.3.13
20 silly idealTree:prePrune ├── babel-helper-hoist-variables@6.3.13
20 silly idealTree:prePrune ├── babel-helper-optimise-call-expression@6.3.13
20 silly idealTree:prePrune ├── babel-helper-regex@6.3.13
20 silly idealTree:prePrune ├── babel-helper-replace-supers@6.3.13
20 silly idealTree:prePrune ├── babel-helpers@6.4.0
20 silly idealTree:prePrune ├── babel-loader@6.2.1
20 silly idealTree:prePrune ├── babel-messages@6.3.18
20 silly idealTree:prePrune ├── babel-plugin-check-es2015-constants@6.3.13
20 silly idealTree:prePrune ├── babel-plugin-syntax-async-functions@6.3.13
20 silly idealTree:prePrune ├── babel-plugin-syntax-flow@6.3.13
20 silly idealTree:prePrune ├── babel-plugin-syntax-jsx@6.3.13
20 silly idealTree:prePrune ├── babel-plugin-transform-es2015-arrow-functions@6.4.0
20 silly idealTree:prePrune ├── babel-plugin-transform-es2015-block-scoped-functions@6.3.13
20 silly idealTree:prePrune ├── babel-plugin-transform-es2015-block-scoping@6.4.0
20 silly idealTree:prePrune ├── babel-plugin-transform-es2015-classes@6.4.0
20 silly idealTree:prePrune ├── babel-plugin-transform-es2015-computed-properties@6.4.0
20 silly idealTree:prePrune ├── babel-plugin-transform-es2015-destructuring@6.4.0
20 silly idealTree:prePrune ├── babel-plugin-transform-es2015-for-of@6.3.13
20 silly idealTree:prePrune ├── babel-plugin-transform-es2015-function-name@6.4.0
20 silly idealTree:prePrune ├── babel-plugin-transform-es2015-literals@6.3.13
20 silly idealTree:prePrune ├── babel-plugin-transform-es2015-modules-commonjs@6.4.0
20 silly idealTree:prePrune ├── babel-plugin-transform-es2015-object-super@6.4.0
20 silly idealTree:prePrune ├── babel-plugin-transform-es2015-parameters@6.4.2
20 silly idealTree:prePrune ├── babel-plugin-transform-es2015-shorthand-properties@6.3.13
20 silly idealTree:prePrune ├── babel-plugin-transform-es2015-spread@6.4.0
20 silly idealTree:prePrune ├── babel-plugin-transform-es2015-sticky-regex@6.3.13
20 silly idealTree:prePrune ├── babel-plugin-transform-es2015-template-literals@6.3.13
20 silly idealTree:prePrune ├── babel-plugin-transform-es2015-typeof-symbol@6.4.0
20 silly idealTree:prePrune ├── babel-plugin-transform-es2015-unicode-regex@6.3.13
20 silly idealTree:prePrune ├── babel-plugin-transform-flow-strip-types@6.4.0
20 silly idealTree:prePrune ├── babel-plugin-transform-react-display-name@6.4.0
20 silly idealTree:prePrune ├── babel-plugin-transform-react-jsx-source@6.3.13
20 silly idealTree:prePrune ├── babel-plugin-transform-react-jsx@6.4.0
20 silly idealTree:prePrune ├── babel-plugin-transform-regenerator@6.3.26
20 silly idealTree:prePrune ├── babel-plugin-transform-strict-mode@6.3.13
20 silly idealTree:prePrune ├── babel-preset-es2015@6.3.13
20 silly idealTree:prePrune ├── babel-preset-react@6.3.13
20 silly idealTree:prePrune ├── babel-register@6.3.13
20 silly idealTree:prePrune ├── babel-runtime@5.8.34
20 silly idealTree:prePrune ├── babel-template@6.3.13
20 silly idealTree:prePrune ├── babel-traverse@6.3.26
20 silly idealTree:prePrune ├── babel-types@6.4.1
20 silly idealTree:prePrune ├── babylon@6.4.2
20 silly idealTree:prePrune ├── balanced-match@0.3.0
20 silly idealTree:prePrune ├── base62@0.1.1
20 silly idealTree:prePrune ├── base64-js@0.0.8
20 silly idealTree:prePrune ├── Base64@0.2.1
20 silly idealTree:prePrune ├── big.js@3.1.3
20 silly idealTree:prePrune ├── binary-extensions@1.4.0
20 silly idealTree:prePrune ├── bootstrap@3.3.6
20 silly idealTree:prePrune ├── brace-expansion@1.1.2
20 silly idealTree:prePrune ├── braces@1.8.3
20 silly idealTree:prePrune ├── browserify-zlib@0.1.4
20 silly idealTree:prePrune ├─┬ buffer@3.6.0
20 silly idealTree:prePrune │ └── isarray@1.0.0
20 silly idealTree:prePrune ├── camelcase@1.2.1
20 silly idealTree:prePrune ├── center-align@0.1.2
20 silly idealTree:prePrune ├─┬ chalk@1.1.1
20 silly idealTree:prePrune │ └── supports-color@2.0.0
20 silly idealTree:prePrune ├── chokidar@1.4.2
20 silly idealTree:prePrune ├─┬ cliui@2.1.0
20 silly idealTree:prePrune │ └── wordwrap@0.0.2
20 silly idealTree:prePrune ├── clone@1.0.2
20 silly idealTree:prePrune ├── concat-map@0.0.1
20 silly idealTree:prePrune ├── console-browserify@1.1.0
20 silly idealTree:prePrune ├── constants-browserify@0.0.1
20 silly idealTree:prePrune ├── convert-source-map@1.1.3
20 silly idealTree:prePrune ├── core-js@1.2.6
20 silly idealTree:prePrune ├── core-util-is@1.0.2
20 silly idealTree:prePrune ├── crypto-browserify@3.2.8
20 silly idealTree:prePrune ├── date-now@0.1.4
20 silly idealTree:prePrune ├── debug@2.2.0
20 silly idealTree:prePrune ├── decamelize@1.1.2
20 silly idealTree:prePrune ├── deep-equal@1.0.1
20 silly idealTree:prePrune ├─┬ detect-indent@3.0.1
20 silly idealTree:prePrune │ └── minimist@1.2.0
20 silly idealTree:prePrune ├── domain-browser@1.1.7
20 silly idealTree:prePrune ├─┬ enhanced-resolve@0.9.1
20 silly idealTree:prePrune │ └── memory-fs@0.2.0
20 silly idealTree:prePrune ├── envify@3.4.0
20 silly idealTree:prePrune ├── errno@0.1.4
20 silly idealTree:prePrune ├── escape-string-regexp@1.0.4
20 silly idealTree:prePrune ├── eslint-plugin-react@3.14.0
20 silly idealTree:prePrune ├── esprima@2.7.1
20 silly idealTree:prePrune ├── esutils@2.0.2
20 silly idealTree:prePrune ├── events@1.1.0
20 silly idealTree:prePrune ├── expand-brackets@0.1.4
20 silly idealTree:prePrune ├── expand-range@1.8.1
20 silly idealTree:prePrune ├── extglob@0.3.1
20 silly idealTree:prePrune ├── fbjs@0.6.1
20 silly idealTree:prePrune ├── filename-regex@2.0.0
20 silly idealTree:prePrune ├── fill-range@2.2.3
20 silly idealTree:prePrune ├── font-awesome@4.5.0
20 silly idealTree:prePrune ├── for-in@0.1.4
20 silly idealTree:prePrune ├── for-own@0.1.3
20 silly idealTree:prePrune ├─┬ fsevents@1.0.6
20 silly idealTree:prePrune │ ├── ansi-regex@2.0.0
20 silly idealTree:prePrune │ ├── ansi-styles@2.1.0
20 silly idealTree:prePrune │ ├── ansi@0.3.0
20 silly idealTree:prePrune │ ├── are-we-there-yet@1.0.4
20 silly idealTree:prePrune │ ├── asn1@0.2.3
20 silly idealTree:prePrune │ ├── assert-plus@0.1.5
20 silly idealTree:prePrune │ ├── async@1.5.0
20 silly idealTree:prePrune │ ├── aws-sign2@0.6.0
20 silly idealTree:prePrune │ ├─┬ bl@1.0.0
20 silly idealTree:prePrune │ │ └─┬ readable-stream@2.0.4
20 silly idealTree:prePrune │ │   ├── core-util-is@1.0.2
20 silly idealTree:prePrune │ │   ├── inherits@2.0.1
20 silly idealTree:prePrune │ │   ├── isarray@0.0.1
20 silly idealTree:prePrune │ │   ├── process-nextick-args@1.0.3
20 silly idealTree:prePrune │ │   ├── string_decoder@0.10.31
20 silly idealTree:prePrune │ │   └── util-deprecate@1.0.2
20 silly idealTree:prePrune │ ├── block-stream@0.0.8
20 silly idealTree:prePrune │ ├── boom@2.10.1
20 silly idealTree:prePrune │ ├── caseless@0.11.0
20 silly idealTree:prePrune │ ├── chalk@1.1.1
20 silly idealTree:prePrune │ ├── combined-stream@1.0.5
20 silly idealTree:prePrune │ ├── commander@2.9.0
20 silly idealTree:prePrune │ ├── core-util-is@1.0.2
20 silly idealTree:prePrune │ ├── cryptiles@2.0.5
20 silly idealTree:prePrune │ ├── dashdash@1.10.1
20 silly idealTree:prePrune │ ├── debug@0.7.4
20 silly idealTree:prePrune │ ├── deep-extend@0.4.0
20 silly idealTree:prePrune │ ├── delayed-stream@1.0.0
20 silly idealTree:prePrune │ ├── delegates@0.1.0
20 silly idealTree:prePrune │ ├── ecc-jsbn@0.1.1
20 silly idealTree:prePrune │ ├── escape-string-regexp@1.0.3
20 silly idealTree:prePrune │ ├── extend@3.0.0
20 silly idealTree:prePrune │ ├── extsprintf@1.0.2
20 silly idealTree:prePrune │ ├── forever-agent@0.6.1
20 silly idealTree:prePrune │ ├── form-data@1.0.0-rc3
20 silly idealTree:prePrune │ ├─┬ fstream-ignore@1.0.3
20 silly idealTree:prePrune │ │ └─┬ minimatch@3.0.0
20 silly idealTree:prePrune │ │   └─┬ brace-expansion@1.1.1
20 silly idealTree:prePrune │ │     ├── balanced-match@0.2.1
20 silly idealTree:prePrune │ │     └── concat-map@0.0.1
20 silly idealTree:prePrune │ ├── fstream@1.0.8
20 silly idealTree:prePrune │ ├── gauge@1.2.2
20 silly idealTree:prePrune │ ├── generate-function@2.0.0
20 silly idealTree:prePrune │ ├── generate-object-property@1.2.0
20 silly idealTree:prePrune │ ├── graceful-fs@4.1.2
20 silly idealTree:prePrune │ ├── graceful-readlink@1.0.1
20 silly idealTree:prePrune │ ├── har-validator@2.0.3
20 silly idealTree:prePrune │ ├── has-ansi@2.0.0
20 silly idealTree:prePrune │ ├── has-unicode@1.0.1
20 silly idealTree:prePrune │ ├── hawk@3.1.2
20 silly idealTree:prePrune │ ├── hoek@2.16.3
20 silly idealTree:prePrune │ ├── http-signature@1.1.0
20 silly idealTree:prePrune │ ├── inherits@2.0.1
20 silly idealTree:prePrune │ ├── ini@1.3.4
20 silly idealTree:prePrune │ ├── is-my-json-valid@2.12.3
20 silly idealTree:prePrune │ ├── is-property@1.0.2
20 silly idealTree:prePrune │ ├── is-typedarray@1.0.0
20 silly idealTree:prePrune │ ├── isarray@0.0.1
20 silly idealTree:prePrune │ ├── isstream@0.1.2
20 silly idealTree:prePrune │ ├── jodid25519@1.0.2
20 silly idealTree:prePrune │ ├── jsbn@0.1.0
20 silly idealTree:prePrune │ ├── json-schema@0.2.2
20 silly idealTree:prePrune │ ├── json-stringify-safe@5.0.1
20 silly idealTree:prePrune │ ├── jsonpointer@2.0.0
20 silly idealTree:prePrune │ ├── jsprim@1.2.2
20 silly idealTree:prePrune │ ├── lodash._basetostring@3.0.1
20 silly idealTree:prePrune │ ├── lodash._createpadding@3.6.1
20 silly idealTree:prePrune │ ├── lodash.pad@3.1.1
20 silly idealTree:prePrune │ ├── lodash.padleft@3.1.1
20 silly idealTree:prePrune │ ├── lodash.padright@3.1.1
20 silly idealTree:prePrune │ ├── lodash.repeat@3.0.1
20 silly idealTree:prePrune │ ├── mime-db@1.19.0
20 silly idealTree:prePrune │ ├── mime-types@2.1.7
20 silly idealTree:prePrune │ ├── minimist@0.0.8
20 silly idealTree:prePrune │ ├── mkdirp@0.5.1
20 silly idealTree:prePrune │ ├─┬ node-pre-gyp@0.6.17
20 silly idealTree:prePrune │ │ └─┬ nopt@3.0.6
20 silly idealTree:prePrune │ │   └── abbrev@1.0.7
20 silly idealTree:prePrune │ ├── node-uuid@1.4.7
20 silly idealTree:prePrune │ ├── npmlog@2.0.0
20 silly idealTree:prePrune │ ├── oauth-sign@0.8.0
20 silly idealTree:prePrune │ ├── once@1.1.1
20 silly idealTree:prePrune │ ├── pinkie-promise@2.0.0
20 silly idealTree:prePrune │ ├── pinkie@2.0.1
20 silly idealTree:prePrune │ ├── qs@5.2.0
20 silly idealTree:prePrune │ ├─┬ rc@1.1.5
20 silly idealTree:prePrune │ │ └── minimist@1.2.0
20 silly idealTree:prePrune │ ├── readable-stream@1.1.13
20 silly idealTree:prePrune │ ├── request@2.67.0
20 silly idealTree:prePrune │ ├─┬ rimraf@2.4.4
20 silly idealTree:prePrune │ │ └─┬ glob@5.0.15
20 silly idealTree:prePrune │ │   ├─┬ inflight@1.0.4
20 silly idealTree:prePrune │ │   │ └── wrappy@1.0.1
20 silly idealTree:prePrune │ │   ├── inherits@2.0.1
20 silly idealTree:prePrune │ │   ├─┬ minimatch@3.0.0
20 silly idealTree:prePrune │ │   │ └─┬ brace-expansion@1.1.1
20 silly idealTree:prePrune │ │   │   ├── balanced-match@0.2.1
20 silly idealTree:prePrune │ │   │   └── concat-map@0.0.1
20 silly idealTree:prePrune │ │   ├─┬ once@1.3.3
20 silly idealTree:prePrune │ │   │ └── wrappy@1.0.1
20 silly idealTree:prePrune │ │   └── path-is-absolute@1.0.0
20 silly idealTree:prePrune │ ├── semver@5.1.0
20 silly idealTree:prePrune │ ├── sntp@1.0.9
20 silly idealTree:prePrune │ ├─┬ sshpk@1.7.0
20 silly idealTree:prePrune │ │ └── assert-plus@0.2.0
20 silly idealTree:prePrune │ ├── string_decoder@0.10.31
20 silly idealTree:prePrune │ ├── stringstream@0.0.5
20 silly idealTree:prePrune │ ├── strip-ansi@3.0.0
20 silly idealTree:prePrune │ ├── strip-json-comments@1.0.4
20 silly idealTree:prePrune │ ├── supports-color@2.0.0
20 silly idealTree:prePrune │ ├─┬ tar-pack@3.1.0
20 silly idealTree:prePrune │ │ ├─┬ readable-stream@1.0.33
20 silly idealTree:prePrune │ │ │ ├── core-util-is@1.0.2
20 silly idealTree:prePrune │ │ │ ├── inherits@2.0.1
20 silly idealTree:prePrune │ │ │ ├── isarray@0.0.1
20 silly idealTree:prePrune │ │ │ └── string_decoder@0.10.31
20 silly idealTree:prePrune │ │ └── rimraf@2.2.8
20 silly idealTree:prePrune │ ├── tar@2.2.1
20 silly idealTree:prePrune │ ├── tough-cookie@2.2.1
20 silly idealTree:prePrune │ ├── tunnel-agent@0.4.1
20 silly idealTree:prePrune │ ├── tweetnacl@0.13.2
20 silly idealTree:prePrune │ ├── uid-number@0.0.3
20 silly idealTree:prePrune │ ├── verror@1.3.6
20 silly idealTree:prePrune │ └── xtend@4.0.1
20 silly idealTree:prePrune ├── get-stdin@4.0.1
20 silly idealTree:prePrune ├── glob-base@0.3.0
20 silly idealTree:prePrune ├── glob-parent@2.0.0
20 silly idealTree:prePrune ├── globals@8.18.0
20 silly idealTree:prePrune ├── graceful-fs@4.1.2
20 silly idealTree:prePrune ├── has-ansi@2.0.0
20 silly idealTree:prePrune ├── has-flag@1.0.0
20 silly idealTree:prePrune ├── history@1.17.0
20 silly idealTree:prePrune ├── home-or-tmp@1.0.0
20 silly idealTree:prePrune ├── http-browserify@1.7.0
20 silly idealTree:prePrune ├── https-browserify@0.0.0
20 silly idealTree:prePrune ├── ieee754@1.1.6
20 silly idealTree:prePrune ├── indexof@0.0.1
20 silly idealTree:prePrune ├── inherits@2.0.1
20 silly idealTree:prePrune ├── interpret@0.6.6
20 silly idealTree:prePrune ├── invariant@2.2.0
20 silly idealTree:prePrune ├── is-binary-path@1.0.1
20 silly idealTree:prePrune ├── is-buffer@1.1.1
20 silly idealTree:prePrune ├── is-dotfile@1.0.2
20 silly idealTree:prePrune ├── is-equal-shallow@0.1.3
20 silly idealTree:prePrune ├── is-extendable@0.1.1
20 silly idealTree:prePrune ├── is-extglob@1.0.0
20 silly idealTree:prePrune ├── is-finite@1.0.1
20 silly idealTree:prePrune ├── is-glob@2.0.1
20 silly idealTree:prePrune ├── is-integer@1.0.6
20 silly idealTree:prePrune ├─┬ is-number@2.1.0
20 silly idealTree:prePrune │ └── kind-of@3.0.2
20 silly idealTree:prePrune ├── is-primitive@2.0.0
20 silly idealTree:prePrune ├── isarray@0.0.1
20 silly idealTree:prePrune ├── isobject@2.0.0
20 silly idealTree:prePrune ├── jquery@2.2.0
20 silly idealTree:prePrune ├── js-tokens@1.0.2
20 silly idealTree:prePrune ├── jsesc@0.5.0
20 silly idealTree:prePrune ├── json5@0.4.0
20 silly idealTree:prePrune ├─┬ jstransform@10.1.0
20 silly idealTree:prePrune │ ├── esprima-fb@13001.1001.0-dev-harmony-fb
20 silly idealTree:prePrune │ └── source-map@0.1.31
20 silly idealTree:prePrune ├── kind-of@2.0.1
20 silly idealTree:prePrune ├── lazy-cache@0.2.7
20 silly idealTree:prePrune ├── left-pad@0.0.3
20 silly idealTree:prePrune ├── line-numbers@0.2.0
20 silly idealTree:prePrune ├── loader-utils@0.2.12
20 silly idealTree:prePrune ├── lodash@3.10.1
20 silly idealTree:prePrune ├── longest@1.0.1
20 silly idealTree:prePrune ├── loose-envify@1.1.0
20 silly idealTree:prePrune ├── memory-fs@0.3.0
20 silly idealTree:prePrune ├─┬ micromatch@2.3.7
20 silly idealTree:prePrune │ └── kind-of@3.0.2
20 silly idealTree:prePrune ├── minimatch@2.0.10
20 silly idealTree:prePrune ├── minimist@0.0.8
20 silly idealTree:prePrune ├── mkdirp@0.5.1
20 silly idealTree:prePrune ├── ms@0.7.1
20 silly idealTree:prePrune ├── nan@2.2.0
20 silly idealTree:prePrune ├─┬ node-libs-browser@0.5.3
20 silly idealTree:prePrune │ └── readable-stream@1.1.13
20 silly idealTree:prePrune ├── normalize-path@2.0.1
20 silly idealTree:prePrune ├── number-is-nan@1.0.0
20 silly idealTree:prePrune ├── object-assign@4.0.1
20 silly idealTree:prePrune ├── object.omit@2.0.0
20 silly idealTree:prePrune ├── optimist@0.6.1
20 silly idealTree:prePrune ├── os-browserify@0.1.2
20 silly idealTree:prePrune ├── os-tmpdir@1.0.1
20 silly idealTree:prePrune ├── pako@0.2.8
20 silly idealTree:prePrune ├── parse-glob@3.0.4
20 silly idealTree:prePrune ├── path-browserify@0.0.0
20 silly idealTree:prePrune ├── path-exists@1.0.0
20 silly idealTree:prePrune ├── path-is-absolute@1.0.0
20 silly idealTree:prePrune ├── pbkdf2-compat@2.0.1
20 silly idealTree:prePrune ├── preserve@0.2.0
20 silly idealTree:prePrune ├── private@0.1.6
20 silly idealTree:prePrune ├── process-nextick-args@1.0.6
20 silly idealTree:prePrune ├── process@0.11.2
20 silly idealTree:prePrune ├── promise@7.1.1
20 silly idealTree:prePrune ├── prr@0.0.0
20 silly idealTree:prePrune ├── punycode@1.4.0
20 silly idealTree:prePrune ├── query-string@3.0.0
20 silly idealTree:prePrune ├── querystring-es3@0.2.1
20 silly idealTree:prePrune ├── querystring@0.2.0
20 silly idealTree:prePrune ├─┬ randomatic@1.1.5
20 silly idealTree:prePrune │ └── kind-of@3.0.2
20 silly idealTree:prePrune ├── react-dom@0.14.6
20 silly idealTree:prePrune ├── react-router@1.0.3
20 silly idealTree:prePrune ├── react@0.14.6
20 silly idealTree:prePrune ├── readable-stream@2.0.5
20 silly idealTree:prePrune ├── readdirp@2.0.0
20 silly idealTree:prePrune ├─┬ recast@0.10.42
20 silly idealTree:prePrune │ └── esprima-fb@15001.1001.0-dev-harmony-fb
20 silly idealTree:prePrune ├── regenerate@1.2.1
20 silly idealTree:prePrune ├── regex-cache@0.4.2
20 silly idealTree:prePrune ├── regexpu@1.3.0
20 silly idealTree:prePrune ├── regjsgen@0.2.0
20 silly idealTree:prePrune ├── regjsparser@0.1.5
20 silly idealTree:prePrune ├── repeat-element@1.1.2
20 silly idealTree:prePrune ├── repeat-string@1.5.2
20 silly idealTree:prePrune ├── repeating@1.1.3
20 silly idealTree:prePrune ├── right-align@0.1.3
20 silly idealTree:prePrune ├── ripemd160@0.2.0
20 silly idealTree:prePrune ├── sha.js@2.2.6
20 silly idealTree:prePrune ├── shebang-regex@1.0.0
20 silly idealTree:prePrune ├── slash@1.0.0
20 silly idealTree:prePrune ├── source-list-map@0.1.5
20 silly idealTree:prePrune ├─┬ source-map-support@0.2.10
20 silly idealTree:prePrune │ └── source-map@0.1.32
20 silly idealTree:prePrune ├── source-map@0.5.3
20 silly idealTree:prePrune ├─┬ stream-browserify@1.0.0
20 silly idealTree:prePrune │ └── readable-stream@1.1.13
20 silly idealTree:prePrune ├── strict-uri-encode@1.1.0
20 silly idealTree:prePrune ├── string_decoder@0.10.31
20 silly idealTree:prePrune ├── strip-ansi@3.0.0
20 silly idealTree:prePrune ├── success-symbol@0.1.0
20 silly idealTree:prePrune ├── supports-color@3.1.2
20 silly idealTree:prePrune ├── tapable@0.1.10
20 silly idealTree:prePrune ├── through@2.3.8
20 silly idealTree:prePrune ├── timers-browserify@1.4.2
20 silly idealTree:prePrune ├── to-fast-properties@1.0.1
20 silly idealTree:prePrune ├── trim-right@1.0.1
20 silly idealTree:prePrune ├── tty-browserify@0.0.0
20 silly idealTree:prePrune ├── ua-parser-js@0.7.10
20 silly idealTree:prePrune ├─┬ uglify-js@2.6.1
20 silly idealTree:prePrune │ └── async@0.2.10
20 silly idealTree:prePrune ├── uglify-to-browserify@1.0.2
20 silly idealTree:prePrune ├─┬ url@0.10.3
20 silly idealTree:prePrune │ └── punycode@1.3.2
20 silly idealTree:prePrune ├── user-home@1.1.1
20 silly idealTree:prePrune ├── util-deprecate@1.0.2
20 silly idealTree:prePrune ├── util@0.10.3
20 silly idealTree:prePrune ├── vm-browserify@0.0.4
20 silly idealTree:prePrune ├── warning@2.1.0
20 silly idealTree:prePrune ├─┬ watchpack@0.2.9
20 silly idealTree:prePrune │ └── async@0.9.2
20 silly idealTree:prePrune ├─┬ webpack-core@0.6.8
20 silly idealTree:prePrune │ └── source-map@0.4.4
20 silly idealTree:prePrune ├── webpack@1.12.10
20 silly idealTree:prePrune ├── whatwg-fetch@0.9.0
20 silly idealTree:prePrune ├── window-size@0.1.0
20 silly idealTree:prePrune ├── wordwrap@0.0.3
20 silly idealTree:prePrune └── yargs@3.10.0
21 silly loadIdealTree Finishing
22 silly currentTree cjpoll@1.0.0
22 silly currentTree ├── align-text@0.1.3
22 silly currentTree ├── amdefine@1.0.0
22 silly currentTree ├── ansi-green@0.1.1
22 silly currentTree ├── ansi-regex@2.0.0
22 silly currentTree ├── ansi-styles@2.1.0
22 silly currentTree ├── ansi-wrap@0.1.0
22 silly currentTree ├── anymatch@1.3.0
22 silly currentTree ├── arr-diff@2.0.0
22 silly currentTree ├── arr-flatten@1.0.1
22 silly currentTree ├── array-unique@0.2.1
22 silly currentTree ├── arrify@1.0.1
22 silly currentTree ├── asap@2.0.3
22 silly currentTree ├── assert@1.3.0
22 silly currentTree ├── ast-types@0.8.15
22 silly currentTree ├── async-each@0.1.6
22 silly currentTree ├── async@1.5.2
22 silly currentTree ├── babel-code-frame@6.3.13
22 silly currentTree ├── babel-core@6.4.0
22 silly currentTree ├── babel-generator@6.4.2
22 silly currentTree ├── babel-helper-builder-react-jsx@6.3.13
22 silly currentTree ├── babel-helper-call-delegate@6.3.13
22 silly currentTree ├── babel-helper-define-map@6.3.13
22 silly currentTree ├── babel-helper-function-name@6.4.0
22 silly currentTree ├── babel-helper-get-function-arity@6.3.13
22 silly currentTree ├── babel-helper-hoist-variables@6.3.13
22 silly currentTree ├── babel-helper-optimise-call-expression@6.3.13
22 silly currentTree ├── babel-helper-regex@6.3.13
22 silly currentTree ├── babel-helper-replace-supers@6.3.13
22 silly currentTree ├── babel-helpers@6.4.0
22 silly currentTree ├── babel-loader@6.2.1
22 silly currentTree ├── babel-messages@6.3.18
22 silly currentTree ├── babel-plugin-check-es2015-constants@6.3.13
22 silly currentTree ├── babel-plugin-syntax-async-functions@6.3.13
22 silly currentTree ├── babel-plugin-syntax-flow@6.3.13
22 silly currentTree ├── babel-plugin-syntax-jsx@6.3.13
22 silly currentTree ├── babel-plugin-transform-es2015-arrow-functions@6.4.0
22 silly currentTree ├── babel-plugin-transform-es2015-block-scoped-functions@6.3.13
22 silly currentTree ├── babel-plugin-transform-es2015-block-scoping@6.4.0
22 silly currentTree ├── babel-plugin-transform-es2015-classes@6.4.0
22 silly currentTree ├── babel-plugin-transform-es2015-computed-properties@6.4.0
22 silly currentTree ├── babel-plugin-transform-es2015-destructuring@6.4.0
22 silly currentTree ├── babel-plugin-transform-es2015-for-of@6.3.13
22 silly currentTree ├── babel-plugin-transform-es2015-function-name@6.4.0
22 silly currentTree ├── babel-plugin-transform-es2015-literals@6.3.13
22 silly currentTree ├── babel-plugin-transform-es2015-modules-commonjs@6.4.0
22 silly currentTree ├── babel-plugin-transform-es2015-object-super@6.4.0
22 silly currentTree ├── babel-plugin-transform-es2015-parameters@6.4.2
22 silly currentTree ├── babel-plugin-transform-es2015-shorthand-properties@6.3.13
22 silly currentTree ├── babel-plugin-transform-es2015-spread@6.4.0
22 silly currentTree ├── babel-plugin-transform-es2015-sticky-regex@6.3.13
22 silly currentTree ├── babel-plugin-transform-es2015-template-literals@6.3.13
22 silly currentTree ├── babel-plugin-transform-es2015-typeof-symbol@6.4.0
22 silly currentTree ├── babel-plugin-transform-es2015-unicode-regex@6.3.13
22 silly currentTree ├── babel-plugin-transform-flow-strip-types@6.4.0
22 silly currentTree ├── babel-plugin-transform-react-display-name@6.4.0
22 silly currentTree ├── babel-plugin-transform-react-jsx-source@6.3.13
22 silly currentTree ├── babel-plugin-transform-react-jsx@6.4.0
22 silly currentTree ├── babel-plugin-transform-regenerator@6.3.26
22 silly currentTree ├── babel-plugin-transform-strict-mode@6.3.13
22 silly currentTree ├── babel-preset-es2015@6.3.13
22 silly currentTree ├── babel-preset-react@6.3.13
22 silly currentTree ├── babel-register@6.3.13
22 silly currentTree ├── babel-runtime@5.8.34
22 silly currentTree ├── babel-template@6.3.13
22 silly currentTree ├── babel-traverse@6.3.26
22 silly currentTree ├── babel-types@6.4.1
22 silly currentTree ├── babylon@6.4.2
22 silly currentTree ├── balanced-match@0.3.0
22 silly currentTree ├── base62@0.1.1
22 silly currentTree ├── base64-js@0.0.8
22 silly currentTree ├── Base64@0.2.1
22 silly currentTree ├── big.js@3.1.3
22 silly currentTree ├── binary-extensions@1.4.0
22 silly currentTree ├── bootstrap@3.3.6
22 silly currentTree ├── brace-expansion@1.1.2
22 silly currentTree ├── braces@1.8.3
22 silly currentTree ├── browserify-zlib@0.1.4
22 silly currentTree ├─┬ buffer@3.6.0
22 silly currentTree │ └── isarray@1.0.0
22 silly currentTree ├── camelcase@1.2.1
22 silly currentTree ├── center-align@0.1.2
22 silly currentTree ├─┬ chalk@1.1.1
22 silly currentTree │ └── supports-color@2.0.0
22 silly currentTree ├── chokidar@1.4.2
22 silly currentTree ├─┬ cliui@2.1.0
22 silly currentTree │ └── wordwrap@0.0.2
22 silly currentTree ├── clone@1.0.2
22 silly currentTree ├── concat-map@0.0.1
22 silly currentTree ├── console-browserify@1.1.0
22 silly currentTree ├── constants-browserify@0.0.1
22 silly currentTree ├── convert-source-map@1.1.3
22 silly currentTree ├── core-js@1.2.6
22 silly currentTree ├── core-util-is@1.0.2
22 silly currentTree ├── crypto-browserify@3.2.8
22 silly currentTree ├── date-now@0.1.4
22 silly currentTree ├── debug@2.2.0
22 silly currentTree ├── decamelize@1.1.2
22 silly currentTree ├── deep-equal@1.0.1
22 silly currentTree ├─┬ detect-indent@3.0.1
22 silly currentTree │ └── minimist@1.2.0
22 silly currentTree ├── domain-browser@1.1.7
22 silly currentTree ├─┬ enhanced-resolve@0.9.1
22 silly currentTree │ └── memory-fs@0.2.0
22 silly currentTree ├── envify@3.4.0
22 silly currentTree ├── errno@0.1.4
22 silly currentTree ├── escape-string-regexp@1.0.4
22 silly currentTree ├── eslint-plugin-react@3.14.0
22 silly currentTree ├── esprima@2.7.1
22 silly currentTree ├── esutils@2.0.2
22 silly currentTree ├── events@1.1.0
22 silly currentTree ├── expand-brackets@0.1.4
22 silly currentTree ├── expand-range@1.8.1
22 silly currentTree ├── extglob@0.3.1
22 silly currentTree ├── fbjs@0.6.1
22 silly currentTree ├── filename-regex@2.0.0
22 silly currentTree ├── fill-range@2.2.3
22 silly currentTree ├── font-awesome@4.5.0
22 silly currentTree ├── for-in@0.1.4
22 silly currentTree ├── for-own@0.1.3
22 silly currentTree ├─┬ fsevents@1.0.6
22 silly currentTree │ ├── ansi-regex@2.0.0
22 silly currentTree │ ├── ansi-styles@2.1.0
22 silly currentTree │ ├── ansi@0.3.0
22 silly currentTree │ ├── are-we-there-yet@1.0.4
22 silly currentTree │ ├── asn1@0.2.3
22 silly currentTree │ ├── assert-plus@0.1.5
22 silly currentTree │ ├── async@1.5.0
22 silly currentTree │ ├── aws-sign2@0.6.0
22 silly currentTree │ ├─┬ bl@1.0.0
22 silly currentTree │ │ └─┬ readable-stream@2.0.4
22 silly currentTree │ │   ├── core-util-is@1.0.2
22 silly currentTree │ │   ├── inherits@2.0.1
22 silly currentTree │ │   ├── isarray@0.0.1
22 silly currentTree │ │   ├── process-nextick-args@1.0.3
22 silly currentTree │ │   ├── string_decoder@0.10.31
22 silly currentTree │ │   └── util-deprecate@1.0.2
22 silly currentTree │ ├── block-stream@0.0.8
22 silly currentTree │ ├── boom@2.10.1
22 silly currentTree │ ├── caseless@0.11.0
22 silly currentTree │ ├── chalk@1.1.1
22 silly currentTree │ ├── combined-stream@1.0.5
22 silly currentTree │ ├── commander@2.9.0
22 silly currentTree │ ├── core-util-is@1.0.2
22 silly currentTree │ ├── cryptiles@2.0.5
22 silly currentTree │ ├── dashdash@1.10.1
22 silly currentTree │ ├── debug@0.7.4
22 silly currentTree │ ├── deep-extend@0.4.0
22 silly currentTree │ ├── delayed-stream@1.0.0
22 silly currentTree │ ├── delegates@0.1.0
22 silly currentTree │ ├── ecc-jsbn@0.1.1
22 silly currentTree │ ├── escape-string-regexp@1.0.3
22 silly currentTree │ ├── extend@3.0.0
22 silly currentTree │ ├── extsprintf@1.0.2
22 silly currentTree │ ├── forever-agent@0.6.1
22 silly currentTree │ ├── form-data@1.0.0-rc3
22 silly currentTree │ ├─┬ fstream-ignore@1.0.3
22 silly currentTree │ │ └─┬ minimatch@3.0.0
22 silly currentTree │ │   └─┬ brace-expansion@1.1.1
22 silly currentTree │ │     ├── balanced-match@0.2.1
22 silly currentTree │ │     └── concat-map@0.0.1
22 silly currentTree │ ├── fstream@1.0.8
22 silly currentTree │ ├── gauge@1.2.2
22 silly currentTree │ ├── generate-function@2.0.0
22 silly currentTree │ ├── generate-object-property@1.2.0
22 silly currentTree │ ├── graceful-fs@4.1.2
22 silly currentTree │ ├── graceful-readlink@1.0.1
22 silly currentTree │ ├── har-validator@2.0.3
22 silly currentTree │ ├── has-ansi@2.0.0
22 silly currentTree │ ├── has-unicode@1.0.1
22 silly currentTree │ ├── hawk@3.1.2
22 silly currentTree │ ├── hoek@2.16.3
22 silly currentTree │ ├── http-signature@1.1.0
22 silly currentTree │ ├── inherits@2.0.1
22 silly currentTree │ ├── ini@1.3.4
22 silly currentTree │ ├── is-my-json-valid@2.12.3
22 silly currentTree │ ├── is-property@1.0.2
22 silly currentTree │ ├── is-typedarray@1.0.0
22 silly currentTree │ ├── isarray@0.0.1
22 silly currentTree │ ├── isstream@0.1.2
22 silly currentTree │ ├── jodid25519@1.0.2
22 silly currentTree │ ├── jsbn@0.1.0
22 silly currentTree │ ├── json-schema@0.2.2
22 silly currentTree │ ├── json-stringify-safe@5.0.1
22 silly currentTree │ ├── jsonpointer@2.0.0
22 silly currentTree │ ├── jsprim@1.2.2
22 silly currentTree │ ├── lodash._basetostring@3.0.1
22 silly currentTree │ ├── lodash._createpadding@3.6.1
22 silly currentTree │ ├── lodash.pad@3.1.1
22 silly currentTree │ ├── lodash.padleft@3.1.1
22 silly currentTree │ ├── lodash.padright@3.1.1
22 silly currentTree │ ├── lodash.repeat@3.0.1
22 silly currentTree │ ├── mime-db@1.19.0
22 silly currentTree │ ├── mime-types@2.1.7
22 silly currentTree │ ├── minimist@0.0.8
22 silly currentTree │ ├── mkdirp@0.5.1
22 silly currentTree │ ├─┬ node-pre-gyp@0.6.17
22 silly currentTree │ │ └─┬ nopt@3.0.6
22 silly currentTree │ │   └── abbrev@1.0.7
22 silly currentTree │ ├── node-uuid@1.4.7
22 silly currentTree │ ├── npmlog@2.0.0
22 silly currentTree │ ├── oauth-sign@0.8.0
22 silly currentTree │ ├── once@1.1.1
22 silly currentTree │ ├── pinkie-promise@2.0.0
22 silly currentTree │ ├── pinkie@2.0.1
22 silly currentTree │ ├── qs@5.2.0
22 silly currentTree │ ├─┬ rc@1.1.5
22 silly currentTree │ │ └── minimist@1.2.0
22 silly currentTree │ ├── readable-stream@1.1.13
22 silly currentTree │ ├── request@2.67.0
22 silly currentTree │ ├─┬ rimraf@2.4.4
22 silly currentTree │ │ └─┬ glob@5.0.15
22 silly currentTree │ │   ├─┬ inflight@1.0.4
22 silly currentTree │ │   │ └── wrappy@1.0.1
22 silly currentTree │ │   ├── inherits@2.0.1
22 silly currentTree │ │   ├─┬ minimatch@3.0.0
22 silly currentTree │ │   │ └─┬ brace-expansion@1.1.1
22 silly currentTree │ │   │   ├── balanced-match@0.2.1
22 silly currentTree │ │   │   └── concat-map@0.0.1
22 silly currentTree │ │   ├─┬ once@1.3.3
22 silly currentTree │ │   │ └── wrappy@1.0.1
22 silly currentTree │ │   └── path-is-absolute@1.0.0
22 silly currentTree │ ├── semver@5.1.0
22 silly currentTree │ ├── sntp@1.0.9
22 silly currentTree │ ├─┬ sshpk@1.7.0
22 silly currentTree │ │ └── assert-plus@0.2.0
22 silly currentTree │ ├── string_decoder@0.10.31
22 silly currentTree │ ├── stringstream@0.0.5
22 silly currentTree │ ├── strip-ansi@3.0.0
22 silly currentTree │ ├── strip-json-comments@1.0.4
22 silly currentTree │ ├── supports-color@2.0.0
22 silly currentTree │ ├─┬ tar-pack@3.1.0
22 silly currentTree │ │ ├─┬ readable-stream@1.0.33
22 silly currentTree │ │ │ ├── core-util-is@1.0.2
22 silly currentTree │ │ │ ├── inherits@2.0.1
22 silly currentTree │ │ │ ├── isarray@0.0.1
22 silly currentTree │ │ │ └── string_decoder@0.10.31
22 silly currentTree │ │ └── rimraf@2.2.8
22 silly currentTree │ ├── tar@2.2.1
22 silly currentTree │ ├── tough-cookie@2.2.1
22 silly currentTree │ ├── tunnel-agent@0.4.1
22 silly currentTree │ ├── tweetnacl@0.13.2
22 silly currentTree │ ├── uid-number@0.0.3
22 silly currentTree │ ├── verror@1.3.6
22 silly currentTree │ └── xtend@4.0.1
22 silly currentTree ├── get-stdin@4.0.1
22 silly currentTree ├── glob-base@0.3.0
22 silly currentTree ├── glob-parent@2.0.0
22 silly currentTree ├── globals@8.18.0
22 silly currentTree ├── graceful-fs@4.1.2
22 silly currentTree ├── has-ansi@2.0.0
22 silly currentTree ├── has-flag@1.0.0
22 silly currentTree ├── history@1.17.0
22 silly currentTree ├── home-or-tmp@1.0.0
22 silly currentTree ├── http-browserify@1.7.0
22 silly currentTree ├── https-browserify@0.0.0
22 silly currentTree ├── ieee754@1.1.6
22 silly currentTree ├── indexof@0.0.1
22 silly currentTree ├── inherits@2.0.1
22 silly currentTree ├── interpret@0.6.6
22 silly currentTree ├── invariant@2.2.0
22 silly currentTree ├── is-binary-path@1.0.1
22 silly currentTree ├── is-buffer@1.1.1
22 silly currentTree ├── is-dotfile@1.0.2
22 silly currentTree ├── is-equal-shallow@0.1.3
22 silly currentTree ├── is-extendable@0.1.1
22 silly currentTree ├── is-extglob@1.0.0
22 silly currentTree ├── is-finite@1.0.1
22 silly currentTree ├── is-glob@2.0.1
22 silly currentTree ├── is-integer@1.0.6
22 silly currentTree ├─┬ is-number@2.1.0
22 silly currentTree │ └── kind-of@3.0.2
22 silly currentTree ├── is-primitive@2.0.0
22 silly currentTree ├── isarray@0.0.1
22 silly currentTree ├── isobject@2.0.0
22 silly currentTree ├── jquery@2.2.0
22 silly currentTree ├── js-tokens@1.0.2
22 silly currentTree ├── jsesc@0.5.0
22 silly currentTree ├── json5@0.4.0
22 silly currentTree ├─┬ jstransform@10.1.0
22 silly currentTree │ ├── esprima-fb@13001.1001.0-dev-harmony-fb
22 silly currentTree │ └── source-map@0.1.31
22 silly currentTree ├── kind-of@2.0.1
22 silly currentTree ├── lazy-cache@0.2.7
22 silly currentTree ├── left-pad@0.0.3
22 silly currentTree ├── line-numbers@0.2.0
22 silly currentTree ├── loader-utils@0.2.12
22 silly currentTree ├── lodash@3.10.1
22 silly currentTree ├── longest@1.0.1
22 silly currentTree ├── loose-envify@1.1.0
22 silly currentTree ├── memory-fs@0.3.0
22 silly currentTree ├─┬ micromatch@2.3.7
22 silly currentTree │ └── kind-of@3.0.2
22 silly currentTree ├── minimatch@2.0.10
22 silly currentTree ├── minimist@0.0.8
22 silly currentTree ├── mkdirp@0.5.1
22 silly currentTree ├── ms@0.7.1
22 silly currentTree ├── nan@2.2.0
22 silly currentTree ├─┬ node-libs-browser@0.5.3
22 silly currentTree │ └── readable-stream@1.1.13
22 silly currentTree ├── normalize-path@2.0.1
22 silly currentTree ├── number-is-nan@1.0.0
22 silly currentTree ├── object-assign@4.0.1
22 silly currentTree ├── object.omit@2.0.0
22 silly currentTree ├── optimist@0.6.1
22 silly currentTree ├── os-browserify@0.1.2
22 silly currentTree ├── os-tmpdir@1.0.1
22 silly currentTree ├── pako@0.2.8
22 silly currentTree ├── parse-glob@3.0.4
22 silly currentTree ├── path-browserify@0.0.0
22 silly currentTree ├── path-exists@1.0.0
22 silly currentTree ├── path-is-absolute@1.0.0
22 silly currentTree ├── pbkdf2-compat@2.0.1
22 silly currentTree ├── preserve@0.2.0
22 silly currentTree ├── private@0.1.6
22 silly currentTree ├── process-nextick-args@1.0.6
22 silly currentTree ├── process@0.11.2
22 silly currentTree ├── promise@7.1.1
22 silly currentTree ├── prr@0.0.0
22 silly currentTree ├── punycode@1.4.0
22 silly currentTree ├── query-string@3.0.0
22 silly currentTree ├── querystring-es3@0.2.1
22 silly currentTree ├── querystring@0.2.0
22 silly currentTree ├─┬ randomatic@1.1.5
22 silly currentTree │ └── kind-of@3.0.2
22 silly currentTree ├── react-dom@0.14.6
22 silly currentTree ├── react-router@1.0.3
22 silly currentTree ├── react@0.14.6
22 silly currentTree ├── readable-stream@2.0.5
22 silly currentTree ├── readdirp@2.0.0
22 silly currentTree ├─┬ recast@0.10.42
22 silly currentTree │ └── esprima-fb@15001.1001.0-dev-harmony-fb
22 silly currentTree ├── regenerate@1.2.1
22 silly currentTree ├── regex-cache@0.4.2
22 silly currentTree ├── regexpu@1.3.0
22 silly currentTree ├── regjsgen@0.2.0
22 silly currentTree ├── regjsparser@0.1.5
22 silly currentTree ├── repeat-element@1.1.2
22 silly currentTree ├── repeat-string@1.5.2
22 silly currentTree ├── repeating@1.1.3
22 silly currentTree ├── right-align@0.1.3
22 silly currentTree ├── ripemd160@0.2.0
22 silly currentTree ├── sha.js@2.2.6
22 silly currentTree ├── shebang-regex@1.0.0
22 silly currentTree ├── slash@1.0.0
22 silly currentTree ├── source-list-map@0.1.5
22 silly currentTree ├─┬ source-map-support@0.2.10
22 silly currentTree │ └── source-map@0.1.32
22 silly currentTree ├── source-map@0.5.3
22 silly currentTree ├─┬ stream-browserify@1.0.0
22 silly currentTree │ └── readable-stream@1.1.13
22 silly currentTree ├── strict-uri-encode@1.1.0
22 silly currentTree ├── string_decoder@0.10.31
22 silly currentTree ├── strip-ansi@3.0.0
22 silly currentTree ├── success-symbol@0.1.0
22 silly currentTree ├── supports-color@3.1.2
22 silly currentTree ├── tapable@0.1.10
22 silly currentTree ├── through@2.3.8
22 silly currentTree ├── timers-browserify@1.4.2
22 silly currentTree ├── to-fast-properties@1.0.1
22 silly currentTree ├── trim-right@1.0.1
22 silly currentTree ├── tty-browserify@0.0.0
22 silly currentTree ├── ua-parser-js@0.7.10
22 silly currentTree ├─┬ uglify-js@2.6.1
22 silly currentTree │ └── async@0.2.10
22 silly currentTree ├── uglify-to-browserify@1.0.2
22 silly currentTree ├─┬ url@0.10.3
22 silly currentTree │ └── punycode@1.3.2
22 silly currentTree ├── user-home@1.1.1
22 silly currentTree ├── util-deprecate@1.0.2
22 silly currentTree ├── util@0.10.3
22 silly currentTree ├── vm-browserify@0.0.4
22 silly currentTree ├── warning@2.1.0
22 silly currentTree ├─┬ watchpack@0.2.9
22 silly currentTree │ └── async@0.9.2
22 silly currentTree ├─┬ webpack-core@0.6.8
22 silly currentTree │ └── source-map@0.4.4
22 silly currentTree ├── webpack@1.12.10
22 silly currentTree ├── whatwg-fetch@0.9.0
22 silly currentTree ├── window-size@0.1.0
22 silly currentTree ├── wordwrap@0.0.3
22 silly currentTree └── yargs@3.10.0
23 silly idealTree cjpoll@1.0.0
23 silly idealTree ├── align-text@0.1.3
23 silly idealTree ├── amdefine@1.0.0
23 silly idealTree ├── ansi-green@0.1.1
23 silly idealTree ├── ansi-regex@2.0.0
23 silly idealTree ├── ansi-styles@2.1.0
23 silly idealTree ├── ansi-wrap@0.1.0
23 silly idealTree ├── anymatch@1.3.0
23 silly idealTree ├── arr-diff@2.0.0
23 silly idealTree ├── arr-flatten@1.0.1
23 silly idealTree ├── array-unique@0.2.1
23 silly idealTree ├── arrify@1.0.1
23 silly idealTree ├── asap@2.0.3
23 silly idealTree ├── assert@1.3.0
23 silly idealTree ├── ast-types@0.8.15
23 silly idealTree ├── async-each@0.1.6
23 silly idealTree ├── async@1.5.2
23 silly idealTree ├── babel-code-frame@6.3.13
23 silly idealTree ├── babel-core@6.4.0
23 silly idealTree ├── babel-generator@6.4.2
23 silly idealTree ├── babel-helper-builder-react-jsx@6.3.13
23 silly idealTree ├── babel-helper-call-delegate@6.3.13
23 silly idealTree ├── babel-helper-define-map@6.3.13
23 silly idealTree ├── babel-helper-function-name@6.4.0
23 silly idealTree ├── babel-helper-get-function-arity@6.3.13
23 silly idealTree ├── babel-helper-hoist-variables@6.3.13
23 silly idealTree ├── babel-helper-optimise-call-expression@6.3.13
23 silly idealTree ├── babel-helper-regex@6.3.13
23 silly idealTree ├── babel-helper-replace-supers@6.3.13
23 silly idealTree ├── babel-helpers@6.4.0
23 silly idealTree ├── babel-loader@6.2.1
23 silly idealTree ├── babel-messages@6.3.18
23 silly idealTree ├── babel-plugin-check-es2015-constants@6.3.13
23 silly idealTree ├── babel-plugin-syntax-async-functions@6.3.13
23 silly idealTree ├── babel-plugin-syntax-flow@6.3.13
23 silly idealTree ├── babel-plugin-syntax-jsx@6.3.13
23 silly idealTree ├── babel-plugin-transform-es2015-arrow-functions@6.4.0
23 silly idealTree ├── babel-plugin-transform-es2015-block-scoped-functions@6.3.13
23 silly idealTree ├── babel-plugin-transform-es2015-block-scoping@6.4.0
23 silly idealTree ├── babel-plugin-transform-es2015-classes@6.4.0
23 silly idealTree ├── babel-plugin-transform-es2015-computed-properties@6.4.0
23 silly idealTree ├── babel-plugin-transform-es2015-destructuring@6.4.0
23 silly idealTree ├── babel-plugin-transform-es2015-for-of@6.3.13
23 silly idealTree ├── babel-plugin-transform-es2015-function-name@6.4.0
23 silly idealTree ├── babel-plugin-transform-es2015-literals@6.3.13
23 silly idealTree ├── babel-plugin-transform-es2015-modules-commonjs@6.4.0
23 silly idealTree ├── babel-plugin-transform-es2015-object-super@6.4.0
23 silly idealTree ├── babel-plugin-transform-es2015-parameters@6.4.2
23 silly idealTree ├── babel-plugin-transform-es2015-shorthand-properties@6.3.13
23 silly idealTree ├── babel-plugin-transform-es2015-spread@6.4.0
23 silly idealTree ├── babel-plugin-transform-es2015-sticky-regex@6.3.13
23 silly idealTree ├── babel-plugin-transform-es2015-template-literals@6.3.13
23 silly idealTree ├── babel-plugin-transform-es2015-typeof-symbol@6.4.0
23 silly idealTree ├── babel-plugin-transform-es2015-unicode-regex@6.3.13
23 silly idealTree ├── babel-plugin-transform-flow-strip-types@6.4.0
23 silly idealTree ├── babel-plugin-transform-react-display-name@6.4.0
23 silly idealTree ├── babel-plugin-transform-react-jsx-source@6.3.13
23 silly idealTree ├── babel-plugin-transform-react-jsx@6.4.0
23 silly idealTree ├── babel-plugin-transform-regenerator@6.3.26
23 silly idealTree ├── babel-plugin-transform-strict-mode@6.3.13
23 silly idealTree ├── babel-preset-es2015@6.3.13
23 silly idealTree ├── babel-preset-react@6.3.13
23 silly idealTree ├── babel-register@6.3.13
23 silly idealTree ├── babel-runtime@5.8.34
23 silly idealTree ├── babel-template@6.3.13
23 silly idealTree ├── babel-traverse@6.3.26
23 silly idealTree ├── babel-types@6.4.1
23 silly idealTree ├── babylon@6.4.2
23 silly idealTree ├── balanced-match@0.3.0
23 silly idealTree ├── base62@0.1.1
23 silly idealTree ├── base64-js@0.0.8
23 silly idealTree ├── Base64@0.2.1
23 silly idealTree ├── big.js@3.1.3
23 silly idealTree ├── binary-extensions@1.4.0
23 silly idealTree ├── bootstrap@3.3.6
23 silly idealTree ├── brace-expansion@1.1.2
23 silly idealTree ├── braces@1.8.3
23 silly idealTree ├── browserify-zlib@0.1.4
23 silly idealTree ├─┬ buffer@3.6.0
23 silly idealTree │ └── isarray@1.0.0
23 silly idealTree ├── camelcase@1.2.1
23 silly idealTree ├── center-align@0.1.2
23 silly idealTree ├─┬ chalk@1.1.1
23 silly idealTree │ └── supports-color@2.0.0
23 silly idealTree ├── chokidar@1.4.2
23 silly idealTree ├─┬ cliui@2.1.0
23 silly idealTree │ └── wordwrap@0.0.2
23 silly idealTree ├── clone@1.0.2
23 silly idealTree ├── concat-map@0.0.1
23 silly idealTree ├── console-browserify@1.1.0
23 silly idealTree ├── constants-browserify@0.0.1
23 silly idealTree ├── convert-source-map@1.1.3
23 silly idealTree ├── core-js@1.2.6
23 silly idealTree ├── core-util-is@1.0.2
23 silly idealTree ├── crypto-browserify@3.2.8
23 silly idealTree ├── date-now@0.1.4
23 silly idealTree ├── debug@2.2.0
23 silly idealTree ├── decamelize@1.1.2
23 silly idealTree ├── deep-equal@1.0.1
23 silly idealTree ├─┬ detect-indent@3.0.1
23 silly idealTree │ └── minimist@1.2.0
23 silly idealTree ├── domain-browser@1.1.7
23 silly idealTree ├─┬ enhanced-resolve@0.9.1
23 silly idealTree │ └── memory-fs@0.2.0
23 silly idealTree ├── envify@3.4.0
23 silly idealTree ├── errno@0.1.4
23 silly idealTree ├── escape-string-regexp@1.0.4
23 silly idealTree ├── eslint-plugin-react@3.14.0
23 silly idealTree ├── esprima@2.7.1
23 silly idealTree ├── esutils@2.0.2
23 silly idealTree ├── events@1.1.0
23 silly idealTree ├── expand-brackets@0.1.4
23 silly idealTree ├── expand-range@1.8.1
23 silly idealTree ├── extglob@0.3.1
23 silly idealTree ├── fbjs@0.6.1
23 silly idealTree ├── filename-regex@2.0.0
23 silly idealTree ├── fill-range@2.2.3
23 silly idealTree ├── font-awesome@4.5.0
23 silly idealTree ├── for-in@0.1.4
23 silly idealTree ├── for-own@0.1.3
23 silly idealTree ├─┬ fsevents@1.0.6
23 silly idealTree │ ├── ansi-regex@2.0.0
23 silly idealTree │ ├── ansi-styles@2.1.0
23 silly idealTree │ ├── ansi@0.3.0
23 silly idealTree │ ├── are-we-there-yet@1.0.4
23 silly idealTree │ ├── asn1@0.2.3
23 silly idealTree │ ├── assert-plus@0.1.5
23 silly idealTree │ ├── async@1.5.0
23 silly idealTree │ ├── aws-sign2@0.6.0
23 silly idealTree │ ├─┬ bl@1.0.0
23 silly idealTree │ │ └─┬ readable-stream@2.0.4
23 silly idealTree │ │   ├── core-util-is@1.0.2
23 silly idealTree │ │   ├── inherits@2.0.1
23 silly idealTree │ │   ├── isarray@0.0.1
23 silly idealTree │ │   ├── process-nextick-args@1.0.3
23 silly idealTree │ │   ├── string_decoder@0.10.31
23 silly idealTree │ │   └── util-deprecate@1.0.2
23 silly idealTree │ ├── block-stream@0.0.8
23 silly idealTree │ ├── boom@2.10.1
23 silly idealTree │ ├── caseless@0.11.0
23 silly idealTree │ ├── chalk@1.1.1
23 silly idealTree │ ├── combined-stream@1.0.5
23 silly idealTree │ ├── commander@2.9.0
23 silly idealTree │ ├── core-util-is@1.0.2
23 silly idealTree │ ├── cryptiles@2.0.5
23 silly idealTree │ ├── dashdash@1.10.1
23 silly idealTree │ ├── debug@0.7.4
23 silly idealTree │ ├── deep-extend@0.4.0
23 silly idealTree │ ├── delayed-stream@1.0.0
23 silly idealTree │ ├── delegates@0.1.0
23 silly idealTree │ ├── ecc-jsbn@0.1.1
23 silly idealTree │ ├── escape-string-regexp@1.0.3
23 silly idealTree │ ├── extend@3.0.0
23 silly idealTree │ ├── extsprintf@1.0.2
23 silly idealTree │ ├── forever-agent@0.6.1
23 silly idealTree │ ├── form-data@1.0.0-rc3
23 silly idealTree │ ├─┬ fstream-ignore@1.0.3
23 silly idealTree │ │ └─┬ minimatch@3.0.0
23 silly idealTree │ │   └─┬ brace-expansion@1.1.1
23 silly idealTree │ │     ├── balanced-match@0.2.1
23 silly idealTree │ │     └── concat-map@0.0.1
23 silly idealTree │ ├── fstream@1.0.8
23 silly idealTree │ ├── gauge@1.2.2
23 silly idealTree │ ├── generate-function@2.0.0
23 silly idealTree │ ├── generate-object-property@1.2.0
23 silly idealTree │ ├── graceful-fs@4.1.2
23 silly idealTree │ ├── graceful-readlink@1.0.1
23 silly idealTree │ ├── har-validator@2.0.3
23 silly idealTree │ ├── has-ansi@2.0.0
23 silly idealTree │ ├── has-unicode@1.0.1
23 silly idealTree │ ├── hawk@3.1.2
23 silly idealTree │ ├── hoek@2.16.3
23 silly idealTree │ ├── http-signature@1.1.0
23 silly idealTree │ ├── inherits@2.0.1
23 silly idealTree │ ├── ini@1.3.4
23 silly idealTree │ ├── is-my-json-valid@2.12.3
23 silly idealTree │ ├── is-property@1.0.2
23 silly idealTree │ ├── is-typedarray@1.0.0
23 silly idealTree │ ├── isarray@0.0.1
23 silly idealTree │ ├── isstream@0.1.2
23 silly idealTree │ ├── jodid25519@1.0.2
23 silly idealTree │ ├── jsbn@0.1.0
23 silly idealTree │ ├── json-schema@0.2.2
23 silly idealTree │ ├── json-stringify-safe@5.0.1
23 silly idealTree │ ├── jsonpointer@2.0.0
23 silly idealTree │ ├── jsprim@1.2.2
23 silly idealTree │ ├── lodash._basetostring@3.0.1
23 silly idealTree │ ├── lodash._createpadding@3.6.1
23 silly idealTree │ ├── lodash.pad@3.1.1
23 silly idealTree │ ├── lodash.padleft@3.1.1
23 silly idealTree │ ├── lodash.padright@3.1.1
23 silly idealTree │ ├── lodash.repeat@3.0.1
23 silly idealTree │ ├── mime-db@1.19.0
23 silly idealTree │ ├── mime-types@2.1.7
23 silly idealTree │ ├── minimist@0.0.8
23 silly idealTree │ ├── mkdirp@0.5.1
23 silly idealTree │ ├─┬ node-pre-gyp@0.6.17
23 silly idealTree │ │ └─┬ nopt@3.0.6
23 silly idealTree │ │   └── abbrev@1.0.7
23 silly idealTree │ ├── node-uuid@1.4.7
23 silly idealTree │ ├── npmlog@2.0.0
23 silly idealTree │ ├── oauth-sign@0.8.0
23 silly idealTree │ ├── once@1.1.1
23 silly idealTree │ ├── pinkie-promise@2.0.0
23 silly idealTree │ ├── pinkie@2.0.1
23 silly idealTree │ ├── qs@5.2.0
23 silly idealTree │ ├─┬ rc@1.1.5
23 silly idealTree │ │ └── minimist@1.2.0
23 silly idealTree │ ├── readable-stream@1.1.13
23 silly idealTree │ ├── request@2.67.0
23 silly idealTree │ ├─┬ rimraf@2.4.4
23 silly idealTree │ │ └─┬ glob@5.0.15
23 silly idealTree │ │   ├─┬ inflight@1.0.4
23 silly idealTree │ │   │ └── wrappy@1.0.1
23 silly idealTree │ │   ├── inherits@2.0.1
23 silly idealTree │ │   ├─┬ minimatch@3.0.0
23 silly idealTree │ │   │ └─┬ brace-expansion@1.1.1
23 silly idealTree │ │   │   ├── balanced-match@0.2.1
23 silly idealTree │ │   │   └── concat-map@0.0.1
23 silly idealTree │ │   ├─┬ once@1.3.3
23 silly idealTree │ │   │ └── wrappy@1.0.1
23 silly idealTree │ │   └── path-is-absolute@1.0.0
23 silly idealTree │ ├── semver@5.1.0
23 silly idealTree │ ├── sntp@1.0.9
23 silly idealTree │ ├─┬ sshpk@1.7.0
23 silly idealTree │ │ └── assert-plus@0.2.0
23 silly idealTree │ ├── string_decoder@0.10.31
23 silly idealTree │ ├── stringstream@0.0.5
23 silly idealTree │ ├── strip-ansi@3.0.0
23 silly idealTree │ ├── strip-json-comments@1.0.4
23 silly idealTree │ ├── supports-color@2.0.0
23 silly idealTree │ ├─┬ tar-pack@3.1.0
23 silly idealTree │ │ ├─┬ readable-stream@1.0.33
23 silly idealTree │ │ │ ├── core-util-is@1.0.2
23 silly idealTree │ │ │ ├── inherits@2.0.1
23 silly idealTree │ │ │ ├── isarray@0.0.1
23 silly idealTree │ │ │ └── string_decoder@0.10.31
23 silly idealTree │ │ └── rimraf@2.2.8
23 silly idealTree │ ├── tar@2.2.1
23 silly idealTree │ ├── tough-cookie@2.2.1
23 silly idealTree │ ├── tunnel-agent@0.4.1
23 silly idealTree │ ├── tweetnacl@0.13.2
23 silly idealTree │ ├── uid-number@0.0.3
23 silly idealTree │ ├── verror@1.3.6
23 silly idealTree │ └── xtend@4.0.1
23 silly idealTree ├── get-stdin@4.0.1
23 silly idealTree ├── glob-base@0.3.0
23 silly idealTree ├── glob-parent@2.0.0
23 silly idealTree ├── globals@8.18.0
23 silly idealTree ├── graceful-fs@4.1.2
23 silly idealTree ├── has-ansi@2.0.0
23 silly idealTree ├── has-flag@1.0.0
23 silly idealTree ├── history@1.17.0
23 silly idealTree ├── home-or-tmp@1.0.0
23 silly idealTree ├── http-browserify@1.7.0
23 silly idealTree ├── https-browserify@0.0.0
23 silly idealTree ├── ieee754@1.1.6
23 silly idealTree ├── indexof@0.0.1
23 silly idealTree ├── inherits@2.0.1
23 silly idealTree ├── interpret@0.6.6
23 silly idealTree ├── invariant@2.2.0
23 silly idealTree ├── is-binary-path@1.0.1
23 silly idealTree ├── is-buffer@1.1.1
23 silly idealTree ├── is-dotfile@1.0.2
23 silly idealTree ├── is-equal-shallow@0.1.3
23 silly idealTree ├── is-extendable@0.1.1
23 silly idealTree ├── is-extglob@1.0.0
23 silly idealTree ├── is-finite@1.0.1
23 silly idealTree ├── is-glob@2.0.1
23 silly idealTree ├── is-integer@1.0.6
23 silly idealTree ├─┬ is-number@2.1.0
23 silly idealTree │ └── kind-of@3.0.2
23 silly idealTree ├── is-primitive@2.0.0
23 silly idealTree ├── isarray@0.0.1
23 silly idealTree ├── isobject@2.0.0
23 silly idealTree ├── jquery@2.2.0
23 silly idealTree ├── js-tokens@1.0.2
23 silly idealTree ├── jsesc@0.5.0
23 silly idealTree ├── json5@0.4.0
23 silly idealTree ├─┬ jstransform@10.1.0
23 silly idealTree │ ├── esprima-fb@13001.1001.0-dev-harmony-fb
23 silly idealTree │ └── source-map@0.1.31
23 silly idealTree ├── kind-of@2.0.1
23 silly idealTree ├── lazy-cache@0.2.7
23 silly idealTree ├── left-pad@0.0.3
23 silly idealTree ├── line-numbers@0.2.0
23 silly idealTree ├── loader-utils@0.2.12
23 silly idealTree ├── lodash@3.10.1
23 silly idealTree ├── longest@1.0.1
23 silly idealTree ├── loose-envify@1.1.0
23 silly idealTree ├── memory-fs@0.3.0
23 silly idealTree ├─┬ micromatch@2.3.7
23 silly idealTree │ └── kind-of@3.0.2
23 silly idealTree ├── minimatch@2.0.10
23 silly idealTree ├── minimist@0.0.8
23 silly idealTree ├── mkdirp@0.5.1
23 silly idealTree ├── ms@0.7.1
23 silly idealTree ├── nan@2.2.0
23 silly idealTree ├─┬ node-libs-browser@0.5.3
23 silly idealTree │ └── readable-stream@1.1.13
23 silly idealTree ├── normalize-path@2.0.1
23 silly idealTree ├── number-is-nan@1.0.0
23 silly idealTree ├── object-assign@4.0.1
23 silly idealTree ├── object.omit@2.0.0
23 silly idealTree ├── optimist@0.6.1
23 silly idealTree ├── os-browserify@0.1.2
23 silly idealTree ├── os-tmpdir@1.0.1
23 silly idealTree ├── pako@0.2.8
23 silly idealTree ├── parse-glob@3.0.4
23 silly idealTree ├── path-browserify@0.0.0
23 silly idealTree ├── path-exists@1.0.0
23 silly idealTree ├── path-is-absolute@1.0.0
23 silly idealTree ├── pbkdf2-compat@2.0.1
23 silly idealTree ├── preserve@0.2.0
23 silly idealTree ├── private@0.1.6
23 silly idealTree ├── process-nextick-args@1.0.6
23 silly idealTree ├── process@0.11.2
23 silly idealTree ├── promise@7.1.1
23 silly idealTree ├── prr@0.0.0
23 silly idealTree ├── punycode@1.4.0
23 silly idealTree ├── query-string@3.0.0
23 silly idealTree ├── querystring-es3@0.2.1
23 silly idealTree ├── querystring@0.2.0
23 silly idealTree ├─┬ randomatic@1.1.5
23 silly idealTree │ └── kind-of@3.0.2
23 silly idealTree ├── react-dom@0.14.6
23 silly idealTree ├── react-router@1.0.3
23 silly idealTree ├── react@0.14.6
23 silly idealTree ├── readable-stream@2.0.5
23 silly idealTree ├── readdirp@2.0.0
23 silly idealTree ├─┬ recast@0.10.42
23 silly idealTree │ └── esprima-fb@15001.1001.0-dev-harmony-fb
23 silly idealTree ├── regenerate@1.2.1
23 silly idealTree ├── regex-cache@0.4.2
23 silly idealTree ├── regexpu@1.3.0
23 silly idealTree ├── regjsgen@0.2.0
23 silly idealTree ├── regjsparser@0.1.5
23 silly idealTree ├── repeat-element@1.1.2
23 silly idealTree ├── repeat-string@1.5.2
23 silly idealTree ├── repeating@1.1.3
23 silly idealTree ├── right-align@0.1.3
23 silly idealTree ├── ripemd160@0.2.0
23 silly idealTree ├── sha.js@2.2.6
23 silly idealTree ├── shebang-regex@1.0.0
23 silly idealTree ├── slash@1.0.0
23 silly idealTree ├── source-list-map@0.1.5
23 silly idealTree ├─┬ source-map-support@0.2.10
23 silly idealTree │ └── source-map@0.1.32
23 silly idealTree ├── source-map@0.5.3
23 silly idealTree ├─┬ stream-browserify@1.0.0
23 silly idealTree │ └── readable-stream@1.1.13
23 silly idealTree ├── strict-uri-encode@1.1.0
23 silly idealTree ├── string_decoder@0.10.31
23 silly idealTree ├── strip-ansi@3.0.0
23 silly idealTree ├── success-symbol@0.1.0
23 silly idealTree ├── supports-color@3.1.2
23 silly idealTree ├── tapable@0.1.10
23 silly idealTree ├── through@2.3.8
23 silly idealTree ├── timers-browserify@1.4.2
23 silly idealTree ├── to-fast-properties@1.0.1
23 silly idealTree ├── trim-right@1.0.1
23 silly idealTree ├── tty-browserify@0.0.0
23 silly idealTree ├── ua-parser-js@0.7.10
23 silly idealTree ├─┬ uglify-js@2.6.1
23 silly idealTree │ └── async@0.2.10
23 silly idealTree ├── uglify-to-browserify@1.0.2
23 silly idealTree ├─┬ url@0.10.3
23 silly idealTree │ └── punycode@1.3.2
23 silly idealTree ├── user-home@1.1.1
23 silly idealTree ├── util-deprecate@1.0.2
23 silly idealTree ├── util@0.10.3
23 silly idealTree ├── vm-browserify@0.0.4
23 silly idealTree ├── warning@2.1.0
23 silly idealTree ├─┬ watchpack@0.2.9
23 silly idealTree │ └── async@0.9.2
23 silly idealTree ├─┬ webpack-core@0.6.8
23 silly idealTree │ └── source-map@0.4.4
23 silly idealTree ├── webpack@1.12.10
23 silly idealTree ├── whatwg-fetch@0.9.0
23 silly idealTree ├── window-size@0.1.0
23 silly idealTree ├── wordwrap@0.0.3
23 silly idealTree └── yargs@3.10.0
24 silly generateActionsToTake Starting
25 silly install generateActionsToTake
26 silly generateActionsToTake Finishing
27 silly diffTrees action count 0
28 silly decomposeActions action count 0
29 silly executeActions Starting
30 silly install executeActions
31 silly doSerial global-install 0
32 silly doParallel fetch 0
33 verbose lock using /Users/cody.poll/.npm/_locks/staging-4187b74f202be254.lock for /Users/cody.poll/dev/cjpoll/node_modules/.staging
34 silly doParallel extract 0
35 silly doParallel preinstall 0
36 silly doReverseSerial remove 0
37 silly doSerial move 0
38 silly doSerial finalize 0
39 silly doSerial build 0
40 silly doSerial global-link 0
41 silly doParallel update-linked 0
42 silly doSerial install 0
43 silly doSerial postinstall 0
44 verbose unlock done using /Users/cody.poll/.npm/_locks/staging-4187b74f202be254.lock for /Users/cody.poll/dev/cjpoll/node_modules/.staging
45 silly executeActions Finishing
46 silly rollbackFailedOptional Starting
47 silly rollbackFailedOptional Finishing
48 silly runTopLevelLifecycles Starting
49 silly install runTopLevelLifecycles
50 silly preinstall cjpoll@1.0.0 /Users/cody.poll/dev/cjpoll/cjpoll-cf143d3f018983e21d7210ccab3e2653
51 info lifecycle cjpoll@1.0.0~preinstall: cjpoll@1.0.0
52 silly lifecycle cjpoll@1.0.0~preinstall: no script for preinstall, continuing
53 silly build cjpoll@1.0.0
54 info linkStuff cjpoll@1.0.0
55 silly linkStuff cjpoll@1.0.0 has /Users/cody.poll/dev as its parent node_modules
56 verbose linkBins cjpoll@1.0.0
57 verbose linkMans cjpoll@1.0.0
58 silly install cjpoll@1.0.0 /Users/cody.poll/dev/cjpoll/cjpoll-cf143d3f018983e21d7210ccab3e2653
59 info lifecycle cjpoll@1.0.0~install: cjpoll@1.0.0
60 silly lifecycle cjpoll@1.0.0~install: no script for install, continuing
61 silly postinstall cjpoll@1.0.0 /Users/cody.poll/dev/cjpoll/cjpoll-cf143d3f018983e21d7210ccab3e2653
62 info lifecycle cjpoll@1.0.0~postinstall: cjpoll@1.0.0
63 verbose lifecycle cjpoll@1.0.0~postinstall: unsafe-perm in lifecycle true
64 verbose lifecycle cjpoll@1.0.0~postinstall: PATH: /Users/cody.poll/.nvm/versions/node/v5.1.0/lib/node_modules/npm/bin/node-gyp-bin:/Users/cody.poll/dev/cjpoll/node_modules/.bin:/Users/cody.poll/.rvm/gems/ruby-2.2.2/bin:/Users/cody.poll/.rvm/gems/ruby-2.2.2@global/bin:/Users/cody.poll/.rvm/rubies/ruby-2.2.2/bin:/Users/cody.poll/.rvm/bin:/Users/cody.poll/.nvm/versions/node/v5.1.0/bin:/usr/local/sbin:/usr/local/bin:/usr/bin:/bin:/usr/sbin:/sbin:/opt/X11/bin:/usr/local/git/bin:/usr/local/heroku/bin:/Users/cody.poll/.git-custom
65 verbose lifecycle cjpoll@1.0.0~postinstall: CWD: /Users/cody.poll/dev/cjpoll
66 silly lifecycle cjpoll@1.0.0~postinstall: Args: [ '-c', 'webpack -p --devtool sourcemap --bail' ]
67 silly lifecycle cjpoll@1.0.0~postinstall: Returned: code: 1  signal: null
68 info lifecycle cjpoll@1.0.0~postinstall: Failed to exec postinstall script
69 verbose stack Error: cjpoll@1.0.0 postinstall: `webpack -p --devtool sourcemap --bail`
69 verbose stack Exit status 1
69 verbose stack     at EventEmitter.<anonymous> (/Users/cody.poll/.nvm/versions/node/v5.1.0/lib/node_modules/npm/lib/utils/lifecycle.js:232:16)
69 verbose stack     at emitTwo (events.js:87:13)
69 verbose stack     at EventEmitter.emit (events.js:172:7)
69 verbose stack     at ChildProcess.<anonymous> (/Users/cody.poll/.nvm/versions/node/v5.1.0/lib/node_modules/npm/lib/utils/spawn.js:24:14)
69 verbose stack     at emitTwo (events.js:87:13)
69 verbose stack     at ChildProcess.emit (events.js:172:7)
69 verbose stack     at maybeClose (internal/child_process.js:818:16)
69 verbose stack     at Process.ChildProcess._handle.onexit (internal/child_process.js:211:5)
70 verbose pkgid cjpoll@1.0.0
71 verbose cwd /Users/cody.poll/dev/cjpoll
72 error Darwin 15.0.0
73 error argv "/Users/cody.poll/.nvm/versions/node/v5.1.0/bin/node" "/Users/cody.poll/.nvm/versions/node/v5.1.0/bin/npm" "install"
74 error node v5.1.0
75 error npm  v3.3.12
76 error code ELIFECYCLE
77 error cjpoll@1.0.0 postinstall: `webpack -p --devtool sourcemap --bail`
77 error Exit status 1
78 error Failed at the cjpoll@1.0.0 postinstall script 'webpack -p --devtool sourcemap --bail'.
78 error Make sure you have the latest version of node.js and npm installed.
78 error If you do, this is most likely a problem with the cjpoll package,
78 error not with npm itself.
78 error Tell the author that this fails on your system:
78 error     webpack -p --devtool sourcemap --bail
78 error You can get their info via:
78 error     npm owner ls cjpoll
78 error There is likely additional logging output above.
79 verbose exit [ 1, true ]
